Arguments: 
  /usr/local/bin/node /Users/cyberoslab./.cache/node/corepack/yarn/1.22.19/bin/yarn.js

PATH: 
  /usr/local/bin:/usr/bin:/bin:/usr/sbin:/sbin:/usr/local/go/bin:/Library/Apple/usr/bin

Yarn version: 
  1.22.19

Node version: 
  19.7.0

Platform: 
  darwin x64

Trace: 
  Error: EACCES: permission denied, mkdir '/Users/cyberoslab./w3security-images-1/node_modules/@babel/helper-compilation-targets/node_modules'

npm manifest: 
  {
    "name": "w3security-images",
    "description": "Used for testing only",
    "scripts": {
      "test": "jest",
      "test:smoke": "jest test/smoke.spec.ts",
      "format": "prettier --write '**/*.{js,ts}'",
      "lint:formatting": "prettier --check '**/*.{js,ts}'"
    },
    "repository": {
      "type": "git",
      "url": "git+https://github.com/w3security/w3security-images.git"
    },
    "author": "w3security",
    "license": "Apache-2.0",
    "devDependencies": {
      "@types/dockerode": "^3.3.0",
      "@types/jest": "^27.0.2",
      "@types/node": "^16.11.0",
      "dockerode": "^3.3.1",
      "jest": "^27.2.5",
      "prettier": "^2.4.1",
      "ts-jest": "^27.0.6",
      "typescript": "^4.4.4"
    }
  }

yarn manifest: 
  No manifest

Lockfile: 
  No lockfile
